TN:
SF:script/WitsStaking.s.sol
DA:10,0
FN:10,WitsStakingScript.setUp
FNDA:0,WitsStakingScript.setUp
DA:12,0
FN:12,WitsStakingScript.run
FNDA:0,WitsStakingScript.run
DA:13,0
DA:14,0
DA:15,0
DA:16,0
FNF:2
FNH:0
LF:6
LH:0
BRF:0
BRH:0
end_of_record
TN:
SF:script/WitsStakingAdminFunctions.s.sol
DA:10,0
FN:10,BaseScript.setUp
FNDA:0,BaseScript.setUp
DA:11,0
DA:12,0
DA:17,0
FN:17,AddStakingDuration.run
FNDA:0,AddStakingDuration.run
DA:18,0
DA:19,0
DA:21,0
DA:22,0
DA:23,0
DA:24,0
DA:29,0
FN:29,RemoveStakingDuration.run
FNDA:0,RemoveStakingDuration.run
DA:30,0
DA:31,0
DA:33,0
DA:34,0
DA:35,0
DA:36,0
DA:41,0
FN:41,AddNFTContract.run
FNDA:0,AddNFTContract.run
DA:42,0
DA:43,0
DA:45,0
DA:46,0
DA:47,0
DA:48,0
DA:53,0
FN:53,RemoveNFTContract.run
FNDA:0,RemoveNFTContract.run
DA:54,0
DA:55,0
DA:57,0
DA:58,0
DA:59,0
DA:60,0
DA:65,0
FN:65,PauseContract.run
FNDA:0,PauseContract.run
DA:66,0
DA:68,0
DA:69,0
DA:70,0
DA:71,0
DA:72,0
DA:77,0
FN:77,RecoverETH.run
FNDA:0,RecoverETH.run
DA:78,0
DA:79,0
DA:80,0
DA:82,0
DA:83,0
DA:84,0
DA:85,0
DA:90,0
FN:90,RecoverERC20.run
FNDA:0,RecoverERC20.run
DA:91,0
DA:92,0
DA:93,0
DA:94,0
DA:96,0
DA:97,0
DA:98,0
DA:99,0
DA:104,0
FN:104,RecoverERC721.run
FNDA:0,RecoverERC721.run
DA:105,0
DA:106,0
DA:107,0
DA:108,0
DA:110,0
DA:111,0
DA:112,0
DA:113,0
FNF:9
FNH:0
LF:64
LH:0
BRF:0
BRH:0
end_of_record
TN:
SF:src/WitsStaking.sol
DA:77,10
FN:77,WitsStaking.onlyWhitelistedNFT
FNDA:10,WitsStaking.onlyWhitelistedNFT
DA:78,10
BRDA:78,0,0,1
DA:83,9
FN:83,WitsStaking.validStakingDuration
FNDA:9,WitsStaking.validStakingDuration
DA:84,9
BRDA:84,1,0,1
DA:91,4
FN:91,WitsStaking.togglePause
FNDA:4,WitsStaking.togglePause
DA:92,3
BRDA:92,2,0,1
BRDA:92,2,1,2
DA:93,1
DA:95,2
DA:97,3
DA:102,29
FN:102,WitsStaking.whitelistNFTContract
FNDA:29,WitsStaking.whitelistNFTContract
DA:103,28
BRDA:103,3,0,1
DA:104,27
DA:105,27
DA:110,3
FN:110,WitsStaking.removeNFTContract
FNDA:3,WitsStaking.removeNFTContract
DA:111,2
BRDA:111,4,0,1
DA:112,1
DA:113,1
DA:118,82
FN:118,WitsStaking.addStakingDuration
FNDA:82,WitsStaking.addStakingDuration
DA:119,81
BRDA:119,5,0,2
DA:120,79
DA:121,79
DA:126,3
FN:126,WitsStaking.removeStakingDuration
FNDA:3,WitsStaking.removeStakingDuration
DA:127,2
BRDA:127,6,0,1
DA:128,1
DA:129,1
DA:135,5
FN:135,WitsStaking.recoverETH
FNDA:5,WitsStaking.recoverETH
DA:139,5
BRDA:139,7,0,1
DA:140,4
BRDA:140,8,0,1
DA:141,3
BRDA:141,9,0,1
DA:143,2
DA:144,2
BRDA:144,10,0,1
DA:146,1
DA:153,3
FN:153,WitsStaking.recoverERC20
FNDA:3,WitsStaking.recoverERC20
DA:158,3
BRDA:158,11,0,1
DA:159,2
BRDA:159,12,0,1
DA:161,1
DA:162,1
DA:169,2
FN:169,WitsStaking.recoverERC721
FNDA:2,WitsStaking.recoverERC721
DA:174,2
BRDA:174,13,0,1
DA:176,1
DA:177,1
DA:183,2
FN:183,WitsStaking.emergencyUnstake
FNDA:2,WitsStaking.emergencyUnstake
DA:187,2
DA:188,2
BRDA:188,14,0,1
DA:190,1
DA:191,1
DA:193,1
DA:202,11
FN:202,WitsStaking.stakeNFT
FNDA:11,WitsStaking.stakeNFT
DA:207,1
BRDA:207,15,0,1
DA:208,7
BRDA:208,16,0,1
DA:210,6
DA:218,6
DA:219,6
DA:226,5
FN:226,WitsStaking.batchStakeNFTs
FNDA:5,WitsStaking.batchStakeNFTs
DA:231,5
DA:232,5
DA:233,13
DA:234,1
BRDA:234,17,0,1
DA:235,12
BRDA:235,18,0,1
DA:237,11
DA:245,11
DA:246,11
DA:248,11
DA:255,4
FN:255,WitsStaking.unstakeNFT
FNDA:4,WitsStaking.unstakeNFT
DA:259,4
DA:260,4
BRDA:260,19,0,1
DA:261,3
BRDA:261,20,0,1
DA:262,2
BRDA:262,21,0,1
DA:264,1
DA:265,1
DA:267,1
DA:273,4
FN:273,WitsStaking.batchUnstakeNFTs
FNDA:4,WitsStaking.batchUnstakeNFTs
DA:277,4
DA:278,4
DA:279,6
DA:280,6
DA:282,6
BRDA:282,22,0,1
DA:283,5
BRDA:283,23,0,1
DA:284,4
BRDA:284,24,0,1
DA:286,3
DA:287,3
DA:289,3
DA:291,3
DA:300,1
FN:300,WitsStaking.getStakeInfo
FNDA:1,WitsStaking.getStakeInfo
DA:304,1
DA:309,2
FN:309,WitsStaking.isStakingDurationValid
FNDA:2,WitsStaking.isStakingDurationValid
DA:310,2
DA:316,8
FN:316,WitsStaking.isNFTStaked
FNDA:8,WitsStaking.isNFTStaked
DA:320,8
DA:326,1
FN:326,WitsStaking.onERC721Received
FNDA:1,WitsStaking.onERC721Received
DA:332,1
FNF:19
FNH:19
LF:91
LH:91
BRF:26
BRH:26
end_of_record
